# JRE version: OpenJDK Runtime Environment (8.0_242-b01) (build 1.8.0_242-release-1644-b01)
# Java VM: OpenJDK 64-Bit Server VM (25.242-b01 mixed mode windows-amd64 compressed oops)
Heap:
 PSYoungGen      total 379392K, used 379365K [0x00000000d5580000, 0x00000000ee680000, 0x0000000100000000)
  eden space 357376K, 100% used [0x00000000d5580000,0x00000000eb280000,0x00000000eb280000)
  from space 22016K, 99% used [0x00000000ed100000,0x00000000ee679578,0x00000000ee680000)
  to   space 26112K, 47% used [0x00000000eb380000,0x00000000ebfa4198,0x00000000ecd00000)
 ParOldGen       total 89600K, used 55417K [0x0000000080000000, 0x0000000085780000, 0x00000000d5580000)
  object space 89600K, 61% used [0x0000000080000000,0x000000008361e730,0x0000000085780000)
 Metaspace       used 70086K, capacity 73222K, committed 73364K, reserved 1112064K
  class space    used 9481K, capacity 10095K, committed 10172K, reserved 1048576K
GC Heap History (10 events):
Event: 11.258 GC heap after
Heap after GC invocations=11 (full 2):
 PSYoungGen      total 201728K, used 0K [0x00000000d5580000, 0x00000000e7c00000, 0x0000000100000000)
  eden space 189440K, 0% used [0x00000000d5580000,0x00000000d5580000,0x00000000e0e80000)
  from space 12288K, 0% used [0x00000000e0e80000,0x00000000e0e80000,0x00000000e1a80000)
  to   space 13312K, 0% used [0x00000000e6f00000,0x00000000e6f00000,0x00000000e7c00000)
 ParOldGen       total 55296K, used 16452K [0x0000000080000000, 0x0000000083600000, 0x00000000d5580000)
  object space 55296K, 29% used [0x0000000080000000,0x00000000810110e0,0x0000000083600000)
 Metaspace       used 34292K, capacity 35380K, committed 35416K, reserved 1079296K
  class space    used 4708K, capacity 4969K, committed 4992K, reserved 1048576K
}
Event: 15.741 GC heap before
{Heap before GC invocations=12 (full 2):
 PSYoungGen      total 201728K, used 189440K [0x00000000d5580000, 0x00000000e7c00000, 0x0000000100000000)
  eden space 189440K, 100% used [0x00000000d5580000,0x00000000e0e80000,0x00000000e0e80000)
  from space 12288K, 0% used [0x00000000e0e80000,0x00000000e0e80000,0x00000000e1a80000)
  to   space 13312K, 0% used [0x00000000e6f00000,0x00000000e6f00000,0x00000000e7c00000)
 ParOldGen       total 55296K, used 16452K [0x0000000080000000, 0x0000000083600000, 0x00000000d5580000)
  object space 55296K, 29% used [0x0000000080000000,0x00000000810110e0,0x0000000083600000)
 Metaspace       used 44418K, capacity 46114K, committed 46296K, reserved 1089536K
  class space    used 5989K, capacity 6332K, committed 6400K, reserved 1048576K
Event: 15.778 GC heap after
Heap after GC invocations=12 (full 2):
 PSYoungGen      total 279040K, used 13289K [0x00000000d5580000, 0x00000000e7c00000, 0x0000000100000000)
  eden space 265728K, 0% used [0x00000000d5580000,0x00000000d5580000,0x00000000e5900000)
  from space 13312K, 99% used [0x00000000e6f00000,0x00000000e7bfa610,0x00000000e7c00000)
  to   space 15360K, 0% used [0x00000000e5e00000,0x00000000e5e00000,0x00000000e6d00000)
 ParOldGen       total 55296K, used 17216K [0x0000000080000000, 0x0000000083600000, 0x00000000d5580000)
  object space 55296K, 31% used [0x0000000080000000,0x00000000810d0118,0x0000000083600000)
 Metaspace       used 44418K, capacity 46114K, committed 46296K, reserved 1089536K
  class space    used 5989K, capacity 6332K, committed 6400K, reserved 1048576K
}
Event: 20.247 GC heap before
{Heap before GC invocations=13 (full 2):
 PSYoungGen      total 279040K, used 182531K [0x00000000d5580000, 0x00000000e7c00000, 0x0000000100000000)
  eden space 265728K, 63% used [0x00000000d5580000,0x00000000dfac66a8,0x00000000e5900000)
  from space 13312K, 99% used [0x00000000e6f00000,0x00000000e7bfa610,0x00000000e7c00000)
  to   space 15360K, 0% used [0x00000000e5e00000,0x00000000e5e00000,0x00000000e6d00000)
 ParOldGen       total 55296K, used 17216K [0x0000000080000000, 0x0000000083600000, 0x00000000d5580000)
  object space 55296K, 31% used [0x0000000080000000,0x00000000810d0118,0x0000000083600000)
 Metaspace       used 56805K, capacity 58946K, committed 59028K, reserved 1099776K
  class space    used 7670K, capacity 8102K, committed 8124K, reserved 1048576K
Event: 20.332 GC heap after
Heap after GC invocations=13 (full 2):
 PSYoungGen      total 286208K, used 15348K [0x00000000d5580000, 0x00000000ee680000, 0x0000000100000000)
  eden space 270848K, 0% used [0x00000000d5580000,0x00000000d5580000,0x00000000e5e00000)
  from space 15360K, 99% used [0x00000000e5e00000,0x00000000e6cfd098,0x00000000e6d00000)
  to   space 22016K, 0% used [0x00000000ed100000,0x00000000ed100000,0x00000000ee680000)
 ParOldGen       total 55296K, used 28563K [0x0000000080000000, 0x0000000083600000, 0x00000000d5580000)
  object space 55296K, 51% used [0x0000000080000000,0x0000000081be4ec8,0x0000000083600000)
 Metaspace       used 56805K, capacity 58946K, committed 59028K, reserved 1099776K
  class space    used 7670K, capacity 8102K, committed 8124K, reserved 1048576K
}
Event: 20.333 GC heap before
{Heap before GC invocations=14 (full 3):
 PSYoungGen      total 286208K, used 15348K [0x00000000d5580000, 0x00000000ee680000, 0x0000000100000000)
  eden space 270848K, 0% used [0x00000000d5580000,0x00000000d5580000,0x00000000e5e00000)
  from space 15360K, 99% used [0x00000000e5e00000,0x00000000e6cfd098,0x00000000e6d00000)
  to   space 22016K, 0% used [0x00000000ed100000,0x00000000ed100000,0x00000000ee680000)
 ParOldGen       total 55296K, used 28563K [0x0000000080000000, 0x0000000083600000, 0x00000000d5580000)
  object space 55296K, 51% used [0x0000000080000000,0x0000000081be4ec8,0x0000000083600000)
 Metaspace       used 56805K, capacity 58946K, committed 59028K, reserved 1099776K
  class space    used 7670K, capacity 8102K, committed 8124K, reserved 1048576K
Event: 20.717 GC heap after
Heap after GC invocations=14 (full 3):
 PSYoungGen      total 286208K, used 0K [0x00000000d5580000, 0x00000000ee680000, 0x0000000100000000)
  eden space 270848K, 0% used [0x00000000d5580000,0x00000000d5580000,0x00000000e5e00000)
  from space 15360K, 0% used [0x00000000e5e00000,0x00000000e5e00000,0x00000000e6d00000)
  to   space 22016K, 0% used [0x00000000ed100000,0x00000000ed100000,0x00000000ee680000)
 ParOldGen       total 89600K, used 38958K [0x0000000080000000, 0x0000000085780000, 0x00000000d5580000)
  object space 89600K, 43% used [0x0000000080000000,0x000000008260bad0,0x0000000085780000)
 Metaspace       used 56805K, capacity 58946K, committed 59028K, reserved 1099776K
  class space    used 7670K, capacity 8102K, committed 8124K, reserved 1048576K
}
Event: 31.123 GC heap before
{Heap before GC invocations=15 (full 3):
 PSYoungGen      total 286208K, used 270848K [0x00000000d5580000, 0x00000000ee680000, 0x0000000100000000)
  eden space 270848K, 100% used [0x00000000d5580000,0x00000000e5e00000,0x00000000e5e00000)
  from space 15360K, 0% used [0x00000000e5e00000,0x00000000e5e00000,0x00000000e6d00000)
  to   space 22016K, 0% used [0x00000000ed100000,0x00000000ed100000,0x00000000ee680000)
 ParOldGen       total 89600K, used 38958K [0x0000000080000000, 0x0000000085780000, 0x00000000d5580000)
  object space 89600K, 43% used [0x0000000080000000,0x000000008260bad0,0x0000000085780000)
 Metaspace       used 67327K, capacity 70258K, committed 70420K, reserved 1110016K
  class space    used 9131K, capacity 9721K, committed 9788K, reserved 1048576K
Event: 31.191 GC heap after
Heap after GC invocations=15 (full 3):
 PSYoungGen      total 379392K, used 21989K [0x00000000d5580000, 0x00000000ee680000, 0x0000000100000000)
  eden space 357376K, 0% used [0x00000000d5580000,0x00000000d5580000,0x00000000eb280000)
  from space 22016K, 99% used [0x00000000ed100000,0x00000000ee679578,0x00000000ee680000)
  to   space 26112K, 0% used [0x00000000eb380000,0x00000000eb380000,0x00000000ecd00000)
 ParOldGen       total 89600K, used 41531K [0x0000000080000000, 0x0000000085780000, 0x00000000d5580000)
  object space 89600K, 46% used [0x0000000080000000,0x000000008288ee00,0x0000000085780000)
 Metaspace       used 67327K, capacity 70258K, committed 70420K, reserved 1110016K
  class space    used 9131K, capacity 9721K, committed 9788K, reserved 1048576K
}
Event: 40.317 GC heap before
{Heap before GC invocations=16 (full 3):
 PSYoungGen      total 379392K, used 379365K [0x00000000d5580000, 0x00000000ee680000, 0x0000000100000000)
  eden space 357376K, 100% used [0x00000000d5580000,0x00000000eb280000,0x00000000eb280000)
  from space 22016K, 99% used [0x00000000ed100000,0x00000000ee679578,0x00000000ee680000)
  to   space 26112K, 0% used [0x00000000eb380000,0x00000000eb380000,0x00000000ecd00000)
 ParOldGen       total 89600K, used 41531K [0x0000000080000000, 0x0000000085780000, 0x00000000d5580000)
  object space 89600K, 46% used [0x0000000080000000,0x000000008288ee00,0x0000000085780000)
 Metaspace       used 70086K, capacity 73222K, committed 73364K, reserved 1112064K
  class space    used 9481K, capacity 10095K, committed 10172K, reserved 1048576K

